This is pdfTeX, Version 3.1415926-2.4-1.40.13 (MiKTeX 2.9 64-bit) (preloaded format=pdflatex 2013.8.18)  20 AUG 2014 11:05
entering extended mode
**aiki-waza.tex
("C:\Users\Nicholas Cassleman\Dropbox\2013\AikiWaza\aiki-waza.tex"
LaTeX2e <2011/06/27>
Babel <v3.8m> and hyphenation patterns for english, afrikaans, ancientgreek, ar
abic, armenian, assamese, basque, bengali, bokmal, bulgarian, catalan, coptic, 
croatian, czech, danish, dutch, esperanto, estonian, farsi, finnish, french, ga
lician, german, german-x-2012-05-30, greek, gujarati, hindi, hungarian, iceland
ic, indonesian, interlingua, irish, italian, kannada, kurmanji, latin, latvian,
 lithuanian, malayalam, marathi, mongolian, mongolianlmc, monogreek, ngerman, n
german-x-2012-05-30, nynorsk, oriya, panjabi, pinyin, polish, portuguese, roman
ian, russian, sanskrit, serbian, slovak, slovenian, spanish, swedish, swissgerm
an, tamil, telugu, turkish, turkmen, ukenglish, ukrainian, uppersorbian, usengl
ishmax, welsh, loaded.
\@input{print.aux}
("C:\Users\Nicholas Cassleman\Dropbox\2013\AikiWaza\print.tex")
("C:\Program Files\MiKTeX 2.9\tex\latex\base\book.cls"
Document Class: book 2007/10/19 v1.4h Standard LaTeX document class
("C:\Program Files\MiKTeX 2.9\tex\latex\base\bk12.clo"
File: bk12.clo 2007/10/19 v1.4h Standard LaTeX file (size option)
)
\c@part=\count79
\c@chapter=\count80
\c@section=\count81
\c@subsection=\count82
\c@subsubsection=\count83
\c@paragraph=\count84
\c@subparagraph=\count85
\c@figure=\count86
\c@table=\count87
\abovecaptionskip=\skip41
\belowcaptionskip=\skip42
\bibindent=\dimen102
)
("C:\Program Files\MiKTeX 2.9\tex\latex\amsmath\amsmath.sty"
Package: amsmath 2013/01/14 v2.14 AMS math features
\@mathmargin=\skip43

For additional information on amsmath, use the `?' option.
("C:\Program Files\MiKTeX 2.9\tex\latex\amsmath\amstext.sty"
Package: amstext 2000/06/29 v2.01

("C:\Program Files\MiKTeX 2.9\tex\latex\amsmath\amsgen.sty"
File: amsgen.sty 1999/11/30 v2.0
\@emptytoks=\toks14
\ex@=\dimen103
))
("C:\Program Files\MiKTeX 2.9\tex\latex\amsmath\amsbsy.sty"
Package: amsbsy 1999/11/29 v1.2d
\pmbraise@=\dimen104
)
("C:\Program Files\MiKTeX 2.9\tex\latex\amsmath\amsopn.sty"
Package: amsopn 1999/12/14 v2.01 operator names
)
\inf@bad=\count88
LaTeX Info: Redefining \frac on input line 210.
\uproot@=\count89
\leftroot@=\count90
LaTeX Info: Redefining \overline on input line 306.
\classnum@=\count91
\DOTSCASE@=\count92
LaTeX Info: Redefining \ldots on input line 378.
LaTeX Info: Redefining \dots on input line 381.
LaTeX Info: Redefining \cdots on input line 466.
\Mathstrutbox@=\box26
\strutbox@=\box27
\big@size=\dimen105
LaTeX Font Info:    Redeclaring font encoding OML on input line 566.
LaTeX Font Info:    Redeclaring font encoding OMS on input line 567.
\macc@depth=\count93
\c@MaxMatrixCols=\count94
\dotsspace@=\muskip10
\c@parentequation=\count95
\dspbrk@lvl=\count96
\tag@help=\toks15
\row@=\count97
\column@=\count98
\maxfields@=\count99
\andhelp@=\toks16
\eqnshift@=\dimen106
\alignsep@=\dimen107
\tagshift@=\dimen108
\tagwidth@=\dimen109
\totwidth@=\dimen110
\lineht@=\dimen111
\@envbody=\toks17
\multlinegap=\skip44
\multlinetaggap=\skip45
\mathdisplay@stack=\toks18
LaTeX Info: Redefining \[ on input line 2665.
LaTeX Info: Redefining \] on input line 2666.
)
("C:\Program Files\MiKTeX 2.9\tex\latex\tools\array.sty"
Package: array 2008/09/09 v2.4c Tabular extension package (FMi)
\col@sep=\dimen112
\extrarowheight=\dimen113
\NC@list=\toks19
\extratabsurround=\skip46
\backup@length=\skip47
)
("C:\Program Files\MiKTeX 2.9\tex\latex\changepage\chngpage.sty"
Package: chngpage 2009/10/20 v1.2b change page layout
\c@cp@cnt=\count100
\c@cp@tempcnt=\count101
)
("C:\Program Files\MiKTeX 2.9\tex\latex\tools\enumerate.sty"
Package: enumerate 1999/03/05 v3.00 enumerate extensions (DPC)
\@enLab=\toks20
)
("C:\Program Files\MiKTeX 2.9\tex\latex\enumitem\enumitem.sty"
Package: enumitem 2011/09/28 v3.5.2 Customized lists
\enitkv@toks@=\toks21
\labelindent=\skip48
\enit@outerparindent=\dimen114
\enit@toks=\toks22
\enit@inbox=\box28
\enitdp@description=\count102
)
("C:\Program Files\MiKTeX 2.9\tex\latex\fmtcount\fmtcount.sty"
Package: fmtcount 2012/10/24 v2.02

("C:\Program Files\MiKTeX 2.9\tex\latex\base\ifthen.sty"
Package: ifthen 2001/05/26 v1.1c Standard LaTeX ifthen package (DPC)
)
("C:\Program Files\MiKTeX 2.9\tex\latex\graphics\keyval.sty"
Package: keyval 1999/03/16 v1.13 key=value parser (DPC)
\KV@toks@=\toks23
)
("C:\Program Files\MiKTeX 2.9\tex\latex\etoolbox\etoolbox.sty"
Package: etoolbox 2011/01/03 v2.1 e-TeX tools for LaTeX

("C:\Program Files\MiKTeX 2.9\tex\latex\misc\etex.sty"
Package: etex 1998/03/26 v2.0 eTeX basic definition package (PEB)
\et@xins=\count103
)
\etb@tempcnta=\count104
)
("C:\Program Files\MiKTeX 2.9\tex\latex\fmtcount\fcprefix.sty"
Package: fcprefix 2012/09/28

("C:\Program Files\MiKTeX 2.9\tex\latex\fmtcount\fcnumparser.sty"
Package: fcnumparser 2012/09/28
\fc@digit@counter=\count105
))
\c@padzeroesN=\count106
\fc@tmpcatcode=\count107
\@DT@modctr=\count108
\@ordinalctr=\count109
\@orgargctr=\count110
\@strctr=\count111
\@tmpstrctr=\count112
\@DT@loopN=\count113
\@DT@X=\count114

("C:\Program Files\MiKTeX 2.9\tex\latex\fmtcount\fc-english.def"
File: fc-english.def 2012/06/18
))
("C:\Program Files\MiKTeX 2.9\tex\latex\multirow\multirow.sty"
\bigstrutjot=\dimen115
)
("C:\Program Files\MiKTeX 2.9\tex\latex\pdfpages\pdfpages.sty"
Package: pdfpages 2012/08/31 v0.4t Insert pages of external PDF documents (AM)

("C:\Program Files\MiKTeX 2.9\tex\latex\tools\calc.sty"
Package: calc 2007/08/22 v4.3 Infix arithmetic (KKT,FJ)
\calc@Acount=\count115
\calc@Bcount=\count116
\calc@Adimen=\dimen116
\calc@Bdimen=\dimen117
\calc@Askip=\skip49
\calc@Bskip=\skip50
LaTeX Info: Redefining \setlength on input line 76.
LaTeX Info: Redefining \addtolength on input line 77.
\calc@Ccount=\count117
\calc@Cskip=\skip51
)
("C:\Program Files\MiKTeX 2.9\tex\latex\eso-pic\eso-pic.sty"
Package: eso-pic 2010/10/06 v2.0c eso-pic (RN)

("C:\Program Files\MiKTeX 2.9\tex\generic\oberdiek\atbegshi.sty"
Package: atbegshi 2011/10/05 v1.16 At begin shipout hook (HO)

("C:\Program Files\MiKTeX 2.9\tex\generic\oberdiek\infwarerr.sty"
Package: infwarerr 2010/04/08 v1.3 Providing info/warning/error messages (HO)
)
("C:\Program Files\MiKTeX 2.9\tex\generic\oberdiek\ltxcmds.sty"
Package: ltxcmds 2011/11/09 v1.22 LaTeX kernel commands for general use (HO)
)
("C:\Program Files\MiKTeX 2.9\tex\generic\oberdiek\ifpdf.sty"
Package: ifpdf 2011/01/30 v2.3 Provides the ifpdf switch (HO)
Package ifpdf Info: pdfTeX in PDF mode is detected.
))
("C:\Program Files\MiKTeX 2.9\tex\latex\xcolor\xcolor.sty"
Package: xcolor 2007/01/21 v2.11 LaTeX color extensions (UK)

("C:\Program Files\MiKTeX 2.9\tex\latex\00miktex\color.cfg"
File: color.cfg 2007/01/18 v1.5 color configuration of teTeX/TeXLive
)
Package xcolor Info: Driver file: pdftex.def on input line 225.

("C:\Program Files\MiKTeX 2.9\tex\latex\pdftex-def\pdftex.def"
File: pdftex.def 2011/05/27 v0.06d Graphics/color for pdfTeX
\Gread@gobject=\count118
)
Package xcolor Info: Model `cmy' substituted by `cmy0' on input line 1337.
Package xcolor Info: Model `hsb' substituted by `rgb' on input line 1341.
Package xcolor Info: Model `RGB' extended on input line 1353.
Package xcolor Info: Model `HTML' substituted by `rgb' on input line 1355.
Package xcolor Info: Model `Hsb' substituted by `hsb' on input line 1356.
Package xcolor Info: Model `tHsb' substituted by `hsb' on input line 1357.
Package xcolor Info: Model `HSB' substituted by `hsb' on input line 1358.
Package xcolor Info: Model `Gray' substituted by `gray' on input line 1359.
Package xcolor Info: Model `wave' substituted by `hsb' on input line 1360.
))
("C:\Program Files\MiKTeX 2.9\tex\latex\graphics\graphicx.sty"
Package: graphicx 1999/02/16 v1.0f Enhanced LaTeX Graphics (DPC,SPQR)

("C:\Program Files\MiKTeX 2.9\tex\latex\graphics\graphics.sty"
Package: graphics 2009/02/05 v1.0o Standard LaTeX Graphics (DPC,SPQR)

("C:\Program Files\MiKTeX 2.9\tex\latex\graphics\trig.sty"
Package: trig 1999/03/16 v1.09 sin cos tan (DPC)
)
("C:\Program Files\MiKTeX 2.9\tex\latex\00miktex\graphics.cfg"
File: graphics.cfg 2007/01/18 v1.5 graphics configuration of teTeX/TeXLive
)
Package graphics Info: Driver file: pdftex.def on input line 91.
)
\Gin@req@height=\dimen118
\Gin@req@width=\dimen119
)
("C:\Program Files\MiKTeX 2.9\tex\latex\pdfpages\pppdftex.def"
File: pppdftex.def 2012/08/31 v0.4t Pdfpages driver for pdfTeX (AM)
)
\AM@pagebox=\box29
\AM@toc@title=\toks24
\c@AM@survey=\count119
\AM@templatesizebox=\box30
)
("C:\Program Files\MiKTeX 2.9\tex\latex\titlesec\titlesec.sty"
Package: titlesec 2011/12/15 v2.10.0 Sectioning titles
\ttl@box=\box31
\beforetitleunit=\skip52
\aftertitleunit=\skip53
\ttl@plus=\dimen120
\ttl@minus=\dimen121
\ttl@toksa=\toks25
\titlewidth=\dimen122
\titlewidthlast=\dimen123
\titlewidthfirst=\dimen124
)
("C:\Program Files\MiKTeX 2.9\tex\latex\tocloft\tocloft.sty"
Package: tocloft 2013/05/02 v2.3f parameterised ToC, etc., typesetting
Package tocloft Info: The document has chapter divisions on input line 44.
\cftparskip=\skip54
\cftbeforetoctitleskip=\skip55
\cftaftertoctitleskip=\skip56
\cftbeforepartskip=\skip57
\cftpartnumwidth=\skip58
\cftpartindent=\skip59
\cftbeforechapskip=\skip60
\cftchapindent=\skip61
\cftchapnumwidth=\skip62
\cftbeforesecskip=\skip63
\cftsecindent=\skip64
\cftsecnumwidth=\skip65
\cftbeforesubsecskip=\skip66
\cftsubsecindent=\skip67
\cftsubsecnumwidth=\skip68
\cftbeforesubsubsecskip=\skip69
\cftsubsubsecindent=\skip70
\cftsubsubsecnumwidth=\skip71
\cftbeforeparaskip=\skip72
\cftparaindent=\skip73
\cftparanumwidth=\skip74
\cftbeforesubparaskip=\skip75
\cftsubparaindent=\skip76
\cftsubparanumwidth=\skip77
\cftbeforeloftitleskip=\skip78
\cftafterloftitleskip=\skip79
\cftbeforefigskip=\skip80
\cftfigindent=\skip81
\cftfignumwidth=\skip82
\c@lofdepth=\count120
\c@lotdepth=\count121
\cftbeforelottitleskip=\skip83
\cftafterlottitleskip=\skip84
\cftbeforetabskip=\skip85
\cfttabindent=\skip86
\cfttabnumwidth=\skip87
)
("C:\Users\Nicholas Cassleman\Dropbox\2013\AikiWaza\aiki-waza.aux"
("C:\Users\Nicholas Cassleman\Dropbox\2013\AikiWaza\preface.aux")
("C:\Users\Nicholas Cassleman\Dropbox\2013\AikiWaza\ch1.aux")
("C:\Users\Nicholas Cassleman\Dropbox\2013\AikiWaza\ch2.aux")
("C:\Users\Nicholas Cassleman\Dropbox\2013\AikiWaza\ch3.aux")
("C:\Users\Nicholas Cassleman\Dropbox\2013\AikiWaza\ch4.aux")
("C:\Users\Nicholas Cassleman\Dropbox\2013\AikiWaza\ch5.aux")
("C:\Users\Nicholas Cassleman\Dropbox\2013\AikiWaza\ch6.aux")
("C:\Users\Nicholas Cassleman\Dropbox\2013\AikiWaza\ch7.aux")
("C:\Users\Nicholas Cassleman\Dropbox\2013\AikiWaza\ch8.aux")
("C:\Users\Nicholas Cassleman\Dropbox\2013\AikiWaza\ch9.aux")
("C:\Users\Nicholas Cassleman\Dropbox\2013\AikiWaza\ch10.aux")
("C:\Users\Nicholas Cassleman\Dropbox\2013\AikiWaza\ch11.aux")
("C:\Users\Nicholas Cassleman\Dropbox\2013\AikiWaza\ch12.aux")
("C:\Users\Nicholas Cassleman\Dropbox\2013\AikiWaza\append-a.aux")
("C:\Users\Nicholas Cassleman\Dropbox\2013\AikiWaza\append-b.aux"))
LaTeX Font Info:    Checking defaults for OML/cmm/m/it on input line 76.
LaTeX Font Info:    ... okay on input line 76.
LaTeX Font Info:    Checking defaults for T1/cmr/m/n on input line 76.
LaTeX Font Info:    ... okay on input line 76.
LaTeX Font Info:    Checking defaults for OT1/cmr/m/n on input line 76.
LaTeX Font Info:    ... okay on input line 76.
LaTeX Font Info:    Checking defaults for OMS/cmsy/m/n on input line 76.
LaTeX Font Info:    ... okay on input line 76.
LaTeX Font Info:    Checking defaults for OMX/cmex/m/n on input line 76.
LaTeX Font Info:    ... okay on input line 76.
LaTeX Font Info:    Checking defaults for U/cmr/m/n on input line 76.
LaTeX Font Info:    ... okay on input line 76.
\AtBeginShipoutBox=\box32

("C:\Program Files\MiKTeX 2.9\tex\context\base\supp-pdf.mkii"
[Loading MPS to PDF converter (version 2006.09.02).]
\scratchcounter=\count122
\scratchdimen=\dimen125
\scratchbox=\box33
\nofMPsegments=\count123
\nofMParguments=\count124
\everyMPshowfont=\toks26
\MPscratchCnt=\count125
\MPscratchDim=\dimen126
\MPnumerator=\count126
\makeMPintoPDFobject=\count127
\everyMPtoPDFconversion=\toks27
)

pdfTeX warning: pdflatex.exe (file C:/Users/Nicholas Cassleman/Dropbox/2013/Aik
iWaza/cover.pdf): PDF inclusion: found PDF version <1.6>, but at most version <
1.5> allowed


pdfTeX warning: pdflatex.exe (file C:/Users/Nicholas Cassleman/Dropbox/2013/Aik
iWaza/cover.pdf): PDF inclusion: found PDF version <1.6>, but at most version <
1.5> allowed


pdfTeX warning: pdflatex.exe (file C:/Users/Nicholas Cassleman/Dropbox/2013/Aik
iWaza/cover.pdf): PDF inclusion: found PDF version <1.6>, but at most version <
1.5> allowed
<cover.pdf, id=3, page=1, 614.295pt x 794.97pt>
File: cover.pdf Graphic file (type pdf)
 <use cover.pdf, page 1>
Package pdftex.def Info: cover.pdf, page1 used on input line 78.
(pdftex.def)             Requested size: 614.29349pt x 794.96806pt.
File: cover.pdf Graphic file (type pdf)

<use cover.pdf, page 1>
Package pdftex.def Info: cover.pdf, page1 used on input line 78.
(pdftex.def)             Requested size: 614.58406pt x 795.3441pt.
File: cover.pdf Graphic file (type pdf)
 <use cover.pdf, page 1>
Package pdftex.def Info: cover.pdf, page1 used on input line 78.
(pdftex.def)             Requested size: 614.58406pt x 795.3441pt.
File: cover.pdf Graphic file (type pdf)
 <use cover.pdf, page 1>
Package pdftex.def Info: cover.pdf, page1 used on input line 78.
(pdftex.def)             Requested size: 614.58406pt x 795.3441pt.
File: cover.pdf Graphic file (type pdf)

<use cover.pdf, page 1>
Package pdftex.def Info: cover.pdf, page1 used on input line 78.
(pdftex.def)             Requested size: 614.58406pt x 795.3441pt.
 [1




 <C:/Users/Nicholas Cassleman/Dropbox/2013/AikiWaza/cover.pdf>] ("C:\Users\Nich
olas Cassleman\Dropbox\2013\AikiWaza\aiki-waza.toc")
\tf@toc=\write3

[2{C:/ProgramData/MiKTeX/2.9/pdftex/config/pdftex.map}]
("C:\Users\Nicholas Cassleman\Dropbox\2013\AikiWaza\preface.tex" [3


] [4]
[5] [6] [7]
Underfull \vbox (badness 5446) has occurred while \output is active []

 [8]
[9]
Missing character: There is no Ã in font cmr12!
Missing character: There is no © in font cmr12!
) [10] ("C:\Users\Nicholas Cassleman\Dropbox\2013\AikiWaza\ch1.tex"
Chapter 1.
LaTeX Font Info:    Try loading font information for OMS+cmr on input line 1.
("C:\Program Files\MiKTeX 2.9\tex\latex\base\omscmr.fd"
File: omscmr.fd 1999/05/25 v2.5h Standard LaTeX font definitions
)
LaTeX Font Info:    Font shape `OMS/cmr/m/n' in size <10> not available
(Font)              Font shape `OMS/cmsy/m/n' tried instead on input line 1.
 [1




]
Underfull \vbox (badness 10000) has occurred while \output is active []

 [2]
[3] [4] [5] [6] [7] [8] [9]
Overfull \hbox (0.70103pt too wide) in paragraph at lines 68--69
[]\OT1/cmr/m/n/12 Comparable de-vel-op-ments took place a lit-tle later with ot
her arts. Around
 []

[10] [11] [12] [13]
Underfull \vbox (badness 10000) has occurred while \output is active []

 [14]
[15]
Underfull \vbox (badness 10000) has occurred while \output is active []

 [16]
[17] [18]
LaTeX Font Info:    Font shape `OMS/cmr/m/n' in size <12> not available
(Font)              Font shape `OMS/cmsy/m/n' tried instead on input line 128.

Underfull \vbox (badness 1033) has occurred while \output is active []

 [19]
[20]
Overfull \hbox (6.95004pt too wide) in paragraph at lines 143--144
\OT1/cmr/m/n/12 mar-tial arts pro-vide mod-els in which those ques-tions are re
-solved through
 []

) [21] ("C:\Users\Nicholas Cassleman\Dropbox\2013\AikiWaza\ch2.tex" [22



]
Chapter 2.

Underfull \vbox (badness 1325) has occurred while \output is active []

 [23]
[24] [25] [26]
Overfull \hbox (38.00899pt too wide) in paragraph at lines 29--30
[]\OT1/cmr/m/n/12 Doctrinaire rigid-ity. The com-bi-na-tion of au-thor-i-tar-i-
an-ism, anti-intellectualism,
 []

[27] [28] [29] [30] [31] [32] [33] [34] [35] [36] [37] [38]) [39]
("C:\Users\Nicholas Cassleman\Dropbox\2013\AikiWaza\ch3.tex" [40



]
Chapter 3.
[41] [42] [43] [44] [45]
Underfull \vbox (badness 10000) has occurred while \output is active []

 [46]
[47]
Underfull \vbox (badness 1895) has occurred while \output is active []

 [48]
[49] [50] [51] [52]) [53] [54]
("C:\Users\Nicholas Cassleman\Dropbox\2013\AikiWaza\ch4.tex"
Chapter 4.
[55



] [56]
Underfull \vbox (badness 10000) has occurred while \output is active []

 [57]
[58] [59] [60] [61] [62] [63] [64]) [65]
("C:\Users\Nicholas Cassleman\Dropbox\2013\AikiWaza\ch5.tex" [66



]
Chapter 5.
[67] [68]
Overfull \hbox (28.36093pt too wide) in paragraph at lines 19--20
\OT1/cmr/m/n/12 party (fam-ily, com-mu-nity, na-tion), and type of out-come (co
n-struc-tive/destructive).
 []


Underfull \vbox (badness 3668) has occurred while \output is active []

 [69]
[70] [71] [72]
Underfull \vbox (badness 10000) has occurred while \output is active []

 [73]
Underfull \vbox (badness 10000) has occurred while \output is active []

 [74]
[75] [76]
Underfull \vbox (badness 10000) has occurred while \output is active []

 [77]
[78] [79] [80]
Underfull \vbox (badness 3989) has occurred while \output is active []

 [81]
Underfull \vbox (badness 10000) has occurred while \output is active []

 [82])
[83] ("C:\Users\Nicholas Cassleman\Dropbox\2013\AikiWaza\ch6.tex" [84



]
Chapter 6.
[85] [86] [87] [88]
Overfull \hbox (2.01953pt too wide) in paragraph at lines 37--37
|\OT1/cmr/bx/n/14.4 The Ethiopian Mas-culin-ity Ideal: Ag-gres-siv-ity Un-bound
| 
 []


Underfull \vbox (badness 4752) has occurred while \output is active []

 [89]
Underfull \vbox (badness 4832) has occurred while \output is active []

 [90]
Missing character: There is no â in font cmr10!
Missing character: There is no € in font cmr10!
Missing character: There is no ™ in font cmr10!

Overfull \hbox (2.47296pt too wide) in paragraph at lines 63--63
[][][] 
 []


Underfull \vbox (badness 10000) has occurred while \output is active []

 [91]
Underfull \vbox (badness 10000) has occurred while \output is active []

 [92]
[93]
Underfull \vbox (badness 10000) has occurred while \output is active []

 [94]
Overfull \hbox (4.20424pt too wide) in paragraph at lines 98--99
[]\OT1/cmr/m/n/12 The type of com-bat which [the Abyssinian] prefers over all o
thers---
 []

[95] [96] [97]
Overfull \hbox (1.36263pt too wide) in paragraph at lines 119--120
\OT1/cmr/m/n/12 Differences in the ways in which the tra-di-tional cul-tures of
 Japan and Ethiopia
 []

[98] [99]
Underfull \vbox (badness 10000) has occurred while \output is active []

 [100]
Missing character: There is no â in font cmr10!
Missing character: There is no € in font cmr10!
Missing character: There is no ™ in font cmr10!

[101]
Underfull \vbox (badness 10000) has occurred while \output is active []

 [102])
[103] ("C:\Users\Nicholas Cassleman\Dropbox\2013\AikiWaza\ch7.tex" [104



]
Chapter 7.

Underfull \vbox (badness 2735) has occurred while \output is active []

 [105]
[106] [107] [108] [109] [110] [111]
Overfull \hbox (3.86531pt too wide) in paragraph at lines 86--104
 [][] 
 []

[112]
Overfull \hbox (5.10048pt too wide) in paragraph at lines 117--134
[][] 
 []

[113] [114]
Underfull \vbox (badness 4608) has occurred while \output is active []

 [115]
[116] [117] [118] [119]) [120]
("C:\Users\Nicholas Cassleman\Dropbox\2013\AikiWaza\ch8.tex"
Chapter 8.
[121



] [122] [123] [124] [125]) [126]
("C:\Users\Nicholas Cassleman\Dropbox\2013\AikiWaza\ch9.tex"
Chapter 9.
) [127



] ("C:\Users\Nicholas Cassleman\Dropbox\2013\AikiWaza\ch10.tex" [128



]
Chapter 10.

Overfull \hbox (3.55563pt too wide) in paragraph at lines 6--7
[]\OT1/cmr/m/n/12 The the-sis of a ``Clash of Civ-i-liza-tions,'' fa-mously voi
ced by Samuel
 []

[129] [130]
Underfull \vbox (badness 2310) has occurred while \output is active []

 [131]
[132]
Underfull \vbox (badness 10000) has occurred while \output is active []

 [133]
Underfull \vbox (badness 1728) has occurred while \output is active []

 [134]
[135]
Underfull \vbox (badness 7168) has occurred while \output is active []

 [136]
[137] [138] [139] [140]
Underfull \vbox (badness 10000) has occurred while \output is active []

 [141]
[142] [143] [144]) [145]
("C:\Users\Nicholas Cassleman\Dropbox\2013\AikiWaza\ch11.tex" [146



]
Chapter 11.
[147] [148] [149] [150]
Underfull \vbox (badness 5592) has occurred while \output is active []

 [151]
[152] [153]
Missing character: There is no â in font cmr10!
Missing character: There is no € in font cmr10!
Missing character: There is no “ in font cmr10!
 [154]
Overfull \hbox (1.49733pt too wide) in paragraph at lines 76--77
\OT1/cmr/m/n/12 range of bio-chem-i-cal, psy-cho-log-i-cal, so-cial, and cul-tu
ral fac-tors (Levine 2006a,
 []


Underfull \vbox (badness 2980) has occurred while \output is active []

 [155]
[156]
Overfull \hbox (25.19998pt too wide) in paragraph at lines 95--116
 [][] 
 []

[157] [158] [159] [160]
Overfull \hbox (25.19998pt too wide) in paragraph at lines 149--170
 [][] 
 []


Overfull \hbox (2.67232pt too wide) in paragraph at lines 174--175
\OT1/cmr/m/n/12 For a so-ci-ety and a time dom-i-nated by an ethos of com-pet-i
-tive individualism---
 []

[161] [162] [163] [164] [165] [166]
Underfull \vbox (badness 10000) has occurred while \output is active []

 [167])
[168] ("C:\Users\Nicholas Cassleman\Dropbox\2013\AikiWaza\ch12.tex"
Chapter 12.
[169



] [170]
Underfull \vbox (badness 10000) has occurred while \output is active []

 [171]
[172] [173] [174] [175] [176] [177] [178]) [179]
("C:\Users\Nicholas Cassleman\Dropbox\2013\AikiWaza\append-a.tex" [180



]
LaTeX Font Info:    Try loading font information for OML+cmr on input line 30.

("C:\Program Files\MiKTeX 2.9\tex\latex\base\omlcmr.fd"
File: omlcmr.fd 1999/05/25 v2.5h Standard LaTeX font definitions
)
LaTeX Font Info:    Font shape `OML/cmr/m/n' in size <10> not available
(Font)              Font shape `OML/cmm/m/it' tried instead on input line 30.
)
Underfull \hbox (badness 10000) in paragraph at lines 26--96

 []


Underfull \hbox (badness 10000) in paragraph at lines 26--96

 []


Underfull \hbox (badness 10000) in paragraph at lines 26--96

 []


Underfull \hbox (badness 10000) in paragraph at lines 26--96

 []


Underfull \hbox (badness 10000) in paragraph at lines 26--96

 []


Underfull \hbox (badness 10000) in paragraph at lines 26--96

 []


Underfull \hbox (badness 10000) in paragraph at lines 26--96

 []


Underfull \hbox (badness 10000) in paragraph at lines 26--96

 []


Overfull \hbox (35.86278pt too wide) in paragraph at lines 26--96
\OT1/cmr/bx/n/14.4 V. ES-CA-LA-TION / DE-ESCALATION: SO-CIAL SOURCES 
 []


Underfull \hbox (badness 10000) in paragraph at lines 26--96

 []


Underfull \hbox (badness 10000) in paragraph at lines 26--96

 []


Underfull \hbox (badness 10000) in paragraph at lines 26--96

 []


Underfull \hbox (badness 10000) in paragraph at lines 26--96

 []


Underfull \hbox (badness 10000) in paragraph at lines 26--96

 []


Underfull \hbox (badness 10000) in paragraph at lines 26--96

 []


Underfull \hbox (badness 10000) in paragraph at lines 26--96

 []


Underfull \hbox (badness 10000) in paragraph at lines 26--96

 []


Underfull \hbox (badness 10000) in paragraph at lines 26--96

 []


Underfull \hbox (badness 10000) in paragraph at lines 26--96

 []


Underfull \hbox (badness 10000) in paragraph at lines 26--96

 []


Underfull \hbox (badness 10000) in paragraph at lines 26--96

 []


Underfull \hbox (badness 10000) in paragraph at lines 26--96

 []

[181]
Underfull \vbox (badness 10000) has occurred while \output is active []

 [182]
Underfull \vbox (badness 10000) has occurred while \output is active []

 [183]
Underfull \vbox (badness 10000) has occurred while \output is active []

 [184]
[185] ("C:\Users\Nicholas Cassleman\Dropbox\2013\AikiWaza\append-b.tex"
[186



] [187] [188]) [189]
("C:\Users\Nicholas Cassleman\Dropbox\2013\AikiWaza\aiki-waza.aux"
("C:\Users\Nicholas Cassleman\Dropbox\2013\AikiWaza\preface.aux")
("C:\Users\Nicholas Cassleman\Dropbox\2013\AikiWaza\ch1.aux")
("C:\Users\Nicholas Cassleman\Dropbox\2013\AikiWaza\ch2.aux")
("C:\Users\Nicholas Cassleman\Dropbox\2013\AikiWaza\ch3.aux")
("C:\Users\Nicholas Cassleman\Dropbox\2013\AikiWaza\ch4.aux")
("C:\Users\Nicholas Cassleman\Dropbox\2013\AikiWaza\ch5.aux")
("C:\Users\Nicholas Cassleman\Dropbox\2013\AikiWaza\ch6.aux")
("C:\Users\Nicholas Cassleman\Dropbox\2013\AikiWaza\ch7.aux")
("C:\Users\Nicholas Cassleman\Dropbox\2013\AikiWaza\ch8.aux")
("C:\Users\Nicholas Cassleman\Dropbox\2013\AikiWaza\ch9.aux")
("C:\Users\Nicholas Cassleman\Dropbox\2013\AikiWaza\ch10.aux")
("C:\Users\Nicholas Cassleman\Dropbox\2013\AikiWaza\ch11.aux")
("C:\Users\Nicholas Cassleman\Dropbox\2013\AikiWaza\ch12.aux")
("C:\Users\Nicholas Cassleman\Dropbox\2013\AikiWaza\append-a.aux")
("C:\Users\Nicholas Cassleman\Dropbox\2013\AikiWaza\append-b.aux")) ) 
Here is how much of TeX's memory you used:
 4775 strings out of 493921
 69009 string characters out of 3147243
 158794 words of memory out of 3000000
 7892 multiletter control sequences out of 15000+200000
 14680 words of font info for 51 fonts, out of 3000000 for 9000
 841 hyphenation exceptions out of 8191
 38i,20n,42p,2721b,413s stack positions out of 5000i,500n,10000p,200000b,50000s
<C:/Progra
m Files/MiKTeX 2.9/fonts/type1/public/amsfonts/cm/cmbx10.pfb><C:/Program Files/
MiKTeX 2.9/fonts/type1/public/amsfonts/cm/cmbx12.pfb><C:/Program Files/MiKTeX 2
.9/fonts/type1/public/amsfonts/cm/cmbx8.pfb><C:/Program Files/MiKTeX 2.9/fonts/
type1/public/amsfonts/cm/cmbxti10.pfb><C:/Program Files/MiKTeX 2.9/fonts/type1/
public/amsfonts/cm/cmmi10.pfb><C:/Program Files/MiKTeX 2.9/fonts/type1/public/a
msfonts/cm/cmr10.pfb><C:/Program Files/MiKTeX 2.9/fonts/type1/public/amsfonts/c
m/cmr12.pfb><C:/Program Files/MiKTeX 2.9/fonts/type1/public/amsfonts/cm/cmr7.pf
b><C:/Program Files/MiKTeX 2.9/fonts/type1/public/amsfonts/cm/cmr8.pfb><C:/Prog
ram Files/MiKTeX 2.9/fonts/type1/public/amsfonts/cm/cmsy10.pfb><C:/Program File
s/MiKTeX 2.9/fonts/type1/public/amsfonts/cm/cmti10.pfb><C:/Program Files/MiKTeX
 2.9/fonts/type1/public/amsfonts/cm/cmti12.pfb><C:/Program Files/MiKTeX 2.9/fon
ts/type1/public/amsfonts/cm/cmti8.pfb>
Output written on aiki-waza.pdf (199 pages, 749125 bytes).
PDF statistics:
 712 PDF objects out of 1000 (max. 8388607)
 0 named destinations out of 1000 (max. 500000)
 16 words of extra memory for PDF output out of 10000 (max. 10000000)

